<?xml version="1.0" encoding="UTF-8"?>
<!-- Generated by org.testng.reporters.JUnitXMLReporter -->
<testsuite ignored="0" hostname="KARNA" failures="0" tests="4" name="Default test" time="24.825" errors="0" timestamp="2024-02-29T19:53:48 IST">
  <testcase classname="Manipal.OrangeHrm" name="navigate" time="3.47"/>
  <testcase classname="Manipal.OrangeHrm" name="FindElement" time="1.269"/>
  <testcase classname="Manipal.OrangeHrm" name="FindElement" time="4.248"/>
  <testcase classname="Manipal.OrangeHrm" name="FindElement" time="4.11"/>
</testsuite> <!-- Default test -->
