<?xml version="1.0" encoding="UTF-8"?>
<!-- Generated by org.testng.reporters.JUnitXMLReporter -->
<testsuite ignored="0" hostname="KARNA" failures="0" tests="4" name="Test" time="27.758" errors="0" timestamp="2024-02-29T20:00:54 IST">
  <testcase classname="Manipal.OrangeHrm" name="navigate" time="3.571"/>
  <testcase classname="Manipal.OrangeHrm" name="FindElement" time="1.27"/>
  <testcase classname="Manipal.OrangeHrm" name="FindElement" time="4.089"/>
  <testcase classname="Manipal.OrangeHrm" name="FindElement" time="4.119"/>
</testsuite> <!-- Test -->
