<?xml version="1.0" encoding="UTF-8"?>
<!-- Generated by org.testng.reporters.JUnitXMLReporter -->
<testsuite ignored="4" hostname="KARNA" failures="0" tests="5" name="Test" time="34.011" errors="0" timestamp="2024-03-01T09:56:21 IST">
  <testcase classname="Manipal.Immegration" name="addRecord" time="5.109"/>
  <testcase classname="Manipal.Immegration" name="addRecord" time="5.064"/>
  <testcase classname="Manipal.Immegration" name="addRecord" time="4.537"/>
  <testcase classname="Manipal.Attachment" name="InValidAttachment" time="4.005"/>
  <testcase classname="Manipal.Attachment" name="ValidAttachment" time="4.256"/>
  <testcase classname="Manipal.OrangeHrm" name="@BeforeTest loginTest" time="0.0">
    <ignored/>
  </testcase> <!-- @BeforeTest loginTest -->
  <testcase classname="Manipal.OrangeHrm" name="@AfterTest tearDown" time="0.0">
    <ignored/>
  </testcase> <!-- @AfterTest tearDown -->
  <testcase classname="Manipal.OrangeHrm" name="@BeforeTest loginTest" time="0.0">
    <ignored/>
  </testcase> <!-- @BeforeTest loginTest -->
  <testcase classname="Manipal.OrangeHrm" name="@AfterTest tearDown" time="0.0">
    <ignored/>
  </testcase> <!-- @AfterTest tearDown -->
</testsuite> <!-- Test -->
