<?xml version="1.0" encoding="UTF-8"?>
<!-- Generated by org.testng.reporters.JUnitXMLReporter -->
<testsuite ignored="0" hostname="KARNA" failures="0" tests="4" name="Test" time="44.654" errors="0" timestamp="2024-02-29T19:58:20 IST">
  <testcase classname="Manipal.OrangeHrm" name="navigate" time="3.983"/>
  <testcase classname="Manipal.OrangeHrm" name="FindElement" time="1.467"/>
  <testcase classname="Manipal.OrangeHrm" name="FindElement" time="4.522"/>
  <testcase classname="Manipal.OrangeHrm" name="FindElement" time="4.164"/>
</testsuite> <!-- Test -->
