<?xml version="1.0" encoding="UTF-8"?>
<testng-results ignored="0" total="4" passed="4" failed="0" skipped="0">
  <reporter-output>
  </reporter-output>
  <suite started-at="2024-02-29T19:57:35 IST" name="Suite" finished-at="2024-02-29T19:58:20 IST" duration-ms="44654">
    <groups>
    </groups>
    <test started-at="2024-02-29T19:57:35 IST" name="Test" finished-at="2024-02-29T19:58:20 IST" duration-ms="44654">
      <class name="Manipal.OrangeHrm">
        <test-method is-config="true" signature="loginTest()[pri:0, instance:Manipal.OrangeHrm@413f69cc]" started-at="2024-02-29T19:57:35 IST" name="loginTest" finished-at="2024-02-29T19:58:04 IST" duration-ms="29477" status="PASS">
          <reporter-output>
          </reporter-output>
        </test-method> <!-- loginTest -->
        <test-method signature="navigate()[pri:0, instance:Manipal.OrangeHrm@413f69cc]" started-at="2024-02-29T19:58:04 IST" name="navigate" finished-at="2024-02-29T19:58:08 IST" duration-ms="3983" status="PASS">
          <reporter-output>
          </reporter-output>
        </test-method> <!-- navigate -->
        <test-method signature="FindElement(java.lang.String,java.lang.Object,java.lang.Object,java.lang.Object,java.lang.String,java.lang.String)[pri:0, instance:Manipal.OrangeHrm@413f69cc]" started-at="2024-02-29T19:58:09 IST" name="FindElement" data-provider="supplier" finished-at="2024-02-29T19:58:11 IST" depends-on-methods="Manipal.OrangeHrm.navigate" duration-ms="1467" status="PASS">
          <params>
            <param index="0">
              <value>
                <![CDATA[Admin1]]>
              </value>
            </param>
            <param index="1">
              <value>
                <![CDATA[2024-02-28]]>
              </value>
            </param>
            <param index="2">
              <value>
                <![CDATA[2024-02-29]]>
              </value>
            </param>
            <param index="3">
              <value>
                <![CDATA[2024-02-29]]>
              </value>
            </param>
            <param index="4">
              <value>
                <![CDATA[pass]]>
              </value>
            </param>
            <param index="5">
              <value>
                <![CDATA[this is automation test - 1]]>
              </value>
            </param>
          </params>
          <reporter-output>
          </reporter-output>
        </test-method> <!-- FindElement -->
        <test-method signature="FindElement(java.lang.String,java.lang.Object,java.lang.Object,java.lang.Object,java.lang.String,java.lang.String)[pri:0, instance:Manipal.OrangeHrm@413f69cc]" started-at="2024-02-29T19:58:11 IST" name="FindElement" data-provider="supplier" finished-at="2024-02-29T19:58:15 IST" depends-on-methods="Manipal.OrangeHrm.navigate" duration-ms="4522" status="PASS">
          <params>
            <param index="0">
              <value>
                <![CDATA[Admin2]]>
              </value>
            </param>
            <param index="1">
              <value>
                <![CDATA[2024-02-28]]>
              </value>
            </param>
            <param index="2">
              <value>
                <![CDATA[2024-02-29]]>
              </value>
            </param>
            <param index="3">
              <value>
                <![CDATA[2024-02-29]]>
              </value>
            </param>
            <param index="4">
              <value>
                <![CDATA[pass]]>
              </value>
            </param>
            <param index="5">
              <value>
                <![CDATA[this is automation test - 2]]>
              </value>
            </param>
          </params>
          <reporter-output>
          </reporter-output>
        </test-method> <!-- FindElement -->
        <test-method signature="FindElement(java.lang.String,java.lang.Object,java.lang.Object,java.lang.Object,java.lang.String,java.lang.String)[pri:0, instance:Manipal.OrangeHrm@413f69cc]" started-at="2024-02-29T19:58:15 IST" name="FindElement" data-provider="supplier" finished-at="2024-02-29T19:58:19 IST" depends-on-methods="Manipal.OrangeHrm.navigate" duration-ms="4164" status="PASS">
          <params>
            <param index="0">
              <value>
                <![CDATA[Admin3]]>
              </value>
            </param>
            <param index="1">
              <value>
                <![CDATA[2024-02-28]]>
              </value>
            </param>
            <param index="2">
              <value>
                <![CDATA[2024-02-29]]>
              </value>
            </param>
            <param index="3">
              <value>
                <![CDATA[2024-02-29]]>
              </value>
            </param>
            <param index="4">
              <value>
                <![CDATA[pass]]>
              </value>
            </param>
            <param index="5">
              <value>
                <![CDATA[this is automation test - 3]]>
              </value>
            </param>
          </params>
          <reporter-output>
          </reporter-output>
        </test-method> <!-- FindElement -->
        <test-method is-config="true" signature="tearDown()[pri:0, instance:Manipal.OrangeHrm@413f69cc]" started-at="2024-02-29T19:58:19 IST" name="tearDown" finished-at="2024-02-29T19:58:20 IST" duration-ms="211" status="PASS">
          <reporter-output>
          </reporter-output>
        </test-method> <!-- tearDown -->
      </class> <!-- Manipal.OrangeHrm -->
    </test> <!-- Test -->
  </suite> <!-- Suite -->
</testng-results>
