<?xml version="1.0" encoding="UTF-8"?>
<testng-results ignored="4" total="9" passed="5" failed="0" skipped="0">
  <reporter-output>
  </reporter-output>
  <suite started-at="2024-03-01T09:55:47 IST" name="Suite" finished-at="2024-03-01T09:56:21 IST" duration-ms="34011">
    <groups>
    </groups>
    <test started-at="2024-03-01T09:55:47 IST" name="Test" finished-at="2024-03-01T09:56:21 IST" duration-ms="34011">
      <class name="Manipal.Immegration">
        <test-method is-config="true" signature="loginTest()[pri:0, instance:Manipal.Immegration@39ac0c0a]" started-at="2024-03-01T09:55:47 IST" name="loginTest" finished-at="2024-03-01T09:55:57 IST" duration-ms="9621" status="PASS">
          <reporter-output>
          </reporter-output>
        </test-method> <!-- loginTest -->
        <test-method signature="addRecord(java.lang.String,java.lang.Object,java.lang.Object,java.lang.Object,java.lang.String,java.lang.String)[pri:0, instance:Manipal.Immegration@39ac0c0a]" started-at="2024-03-01T09:55:58 IST" name="addRecord" data-provider="supplier" finished-at="2024-03-01T09:56:03 IST" duration-ms="5109" status="PASS">
          <params>
            <param index="0">
              <value>
                <![CDATA[Admin1]]>
              </value>
            </param>
            <param index="1">
              <value>
                <![CDATA[2024-02-28]]>
              </value>
            </param>
            <param index="2">
              <value>
                <![CDATA[2024-02-29]]>
              </value>
            </param>
            <param index="3">
              <value>
                <![CDATA[2024-02-29]]>
              </value>
            </param>
            <param index="4">
              <value>
                <![CDATA[pass]]>
              </value>
            </param>
            <param index="5">
              <value>
                <![CDATA[this is automation test - 1]]>
              </value>
            </param>
          </params>
          <reporter-output>
          </reporter-output>
        </test-method> <!-- addRecord -->
        <test-method signature="addRecord(java.lang.String,java.lang.Object,java.lang.Object,java.lang.Object,java.lang.String,java.lang.String)[pri:0, instance:Manipal.Immegration@39ac0c0a]" started-at="2024-03-01T09:56:03 IST" name="addRecord" data-provider="supplier" finished-at="2024-03-01T09:56:08 IST" duration-ms="5064" status="PASS">
          <params>
            <param index="0">
              <value>
                <![CDATA[Admin2]]>
              </value>
            </param>
            <param index="1">
              <value>
                <![CDATA[2024-02-28]]>
              </value>
            </param>
            <param index="2">
              <value>
                <![CDATA[2024-02-29]]>
              </value>
            </param>
            <param index="3">
              <value>
                <![CDATA[2024-02-29]]>
              </value>
            </param>
            <param index="4">
              <value>
                <![CDATA[pass]]>
              </value>
            </param>
            <param index="5">
              <value>
                <![CDATA[this is automation test - 2]]>
              </value>
            </param>
          </params>
          <reporter-output>
          </reporter-output>
        </test-method> <!-- addRecord -->
        <test-method signature="addRecord(java.lang.String,java.lang.Object,java.lang.Object,java.lang.Object,java.lang.String,java.lang.String)[pri:0, instance:Manipal.Immegration@39ac0c0a]" started-at="2024-03-01T09:56:08 IST" name="addRecord" data-provider="supplier" finished-at="2024-03-01T09:56:12 IST" duration-ms="4537" status="PASS">
          <params>
            <param index="0">
              <value>
                <![CDATA[Admin3]]>
              </value>
            </param>
            <param index="1">
              <value>
                <![CDATA[2024-02-28]]>
              </value>
            </param>
            <param index="2">
              <value>
                <![CDATA[2024-02-29]]>
              </value>
            </param>
            <param index="3">
              <value>
                <![CDATA[2024-02-29]]>
              </value>
            </param>
            <param index="4">
              <value>
                <![CDATA[pass]]>
              </value>
            </param>
            <param index="5">
              <value>
                <![CDATA[this is automation test - 3]]>
              </value>
            </param>
          </params>
          <reporter-output>
          </reporter-output>
        </test-method> <!-- addRecord -->
        <test-method is-config="true" signature="tearDown()[pri:0, instance:Manipal.Immegration@39ac0c0a]" started-at="2024-03-01T09:56:21 IST" name="tearDown" finished-at="2024-03-01T09:56:21 IST" duration-ms="496" status="PASS">
          <reporter-output>
          </reporter-output>
        </test-method> <!-- tearDown -->
      </class> <!-- Manipal.Immegration -->
      <class name="Manipal.Attachment">
        <test-method signature="InValidAttachment()[pri:0, instance:Manipal.Attachment@327bcebd]" started-at="2024-03-01T09:56:12 IST" name="InValidAttachment" finished-at="2024-03-01T09:56:16 IST" duration-ms="4005" status="PASS">
          <reporter-output>
          </reporter-output>
        </test-method> <!-- InValidAttachment -->
        <test-method signature="ValidAttachment()[pri:0, instance:Manipal.Attachment@327bcebd]" started-at="2024-03-01T09:56:16 IST" name="ValidAttachment" finished-at="2024-03-01T09:56:21 IST" duration-ms="4256" status="PASS">
          <reporter-output>
          </reporter-output>
        </test-method> <!-- ValidAttachment -->
      </class> <!-- Manipal.Attachment -->
    </test> <!-- Test -->
  </suite> <!-- Suite -->
</testng-results>
