<?xml version="1.0" encoding="UTF-8"?>
<testsuite xmlns:xsi="http://www.w3.org/2001/XMLSchema-instance" xsi:noNamespaceSchemaLocation="https://maven.apache.org/surefire/maven-surefire-plugin/xsd/surefire-test-report.xsd" name="TestSuite" time="35.161" tests="5" errors="0" skipped="0" failures="0">
  <properties>
[...]
</properties>
  <testcase name="addRecord" classname="Manipal.Immegration" time="5.111"/>
  <testcase name="addRecord" classname="Manipal.Immegration" time="5.063"/>
  <testcase name="addRecord" classname="Manipal.Immegration" time="4.537"/>
  <testcase name="InValidAttachment" classname="Manipal.Attachment" time="4.003"/>
  <testcase name="ValidAttachment" classname="Manipal.Attachment" time="4.255"/>
</testsuite>