<?xml version="1.0" encoding="UTF-8"?>
<testng-results ignored="0" total="2" passed="2" failed="0" skipped="0">
  <reporter-output>
  </reporter-output>
  <suite started-at="2024-03-01T09:53:52 IST" name="Default suite" finished-at="2024-03-01T09:54:11 IST" duration-ms="18854">
    <groups>
    </groups>
    <test started-at="2024-03-01T09:53:52 IST" name="Default test" finished-at="2024-03-01T09:54:11 IST" duration-ms="18854">
      <class name="Manipal.Attachment">
        <test-method is-config="true" signature="loginTest()[pri:0, instance:Manipal.Attachment@51acdf2e]" started-at="2024-03-01T09:53:52 IST" name="loginTest" finished-at="2024-03-01T09:54:02 IST" duration-ms="10090" status="PASS">
          <reporter-output>
          </reporter-output>
        </test-method> <!-- loginTest -->
        <test-method signature="InValidAttachment()[pri:0, instance:Manipal.Attachment@51acdf2e]" started-at="2024-03-01T09:54:02 IST" name="InValidAttachment" finished-at="2024-03-01T09:54:07 IST" duration-ms="4530" status="PASS">
          <reporter-output>
          </reporter-output>
        </test-method> <!-- InValidAttachment -->
        <test-method signature="ValidAttachment()[pri:0, instance:Manipal.Attachment@51acdf2e]" started-at="2024-03-01T09:54:07 IST" name="ValidAttachment" finished-at="2024-03-01T09:54:11 IST" duration-ms="3833" status="PASS">
          <reporter-output>
          </reporter-output>
        </test-method> <!-- ValidAttachment -->
        <test-method is-config="true" signature="tearDown()[pri:0, instance:Manipal.Attachment@51acdf2e]" started-at="2024-03-01T09:54:11 IST" name="tearDown" finished-at="2024-03-01T09:54:11 IST" duration-ms="316" status="PASS">
          <reporter-output>
          </reporter-output>
        </test-method> <!-- tearDown -->
      </class> <!-- Manipal.Attachment -->
    </test> <!-- Default test -->
  </suite> <!-- Default suite -->
</testng-results>
